<?xml version="1.0" encoding="UTF-8"?>
<testng-results ignored="0" total="1" passed="1" failed="0" skipped="0">
  <reporter-output>
  </reporter-output>
  <suite started-at="2023-02-07T18:20:16 IST" name="Default suite" finished-at="2023-02-07T18:20:16 IST" duration-ms="963">
    <groups>
    </groups>
    <test started-at="2023-02-07T18:20:16 IST" name="Default test" finished-at="2023-02-07T18:20:16 IST" duration-ms="963">
      <class name="jdbcConnection.JdbcExecuteUpdatePracticeTest">
        <test-method signature="jdbcUpdate()[pri:0, instance:jdbcConnection.JdbcExecuteUpdatePracticeTest@dbf57b3]" started-at="2023-02-07T18:20:16 IST" name="jdbcUpdate" finished-at="2023-02-07T18:20:16 IST" duration-ms="901" status="PASS">
          <reporter-output>
          </reporter-output>
        </test-method> <!-- jdbcUpdate -->
      </class> <!-- jdbcConnection.JdbcExecuteUpdatePracticeTest -->
    </test> <!-- Default test -->
  </suite> <!-- Default suite -->
</testng-results>
